<?xml version="1.0" encoding="UTF-8"?>
<testsuite name="com.agileinnov.sis.studentinfo.CourseSessionTest" tests="9" skipped="0" failures="0" errors="0" timestamp="2018-08-28T22:59:44" hostname="BillAir.local" time="0.053">
  <properties/>
  <testcase name="canEnrollStudents" classname="com.agileinnov.sis.studentinfo.CourseSessionTest" time="0.031"/>
  <testcase name="canCalculateCourseDates" classname="com.agileinnov.sis.studentinfo.CourseSessionTest" time="0.001"/>
  <testcase name="canCreate" classname="com.agileinnov.sis.studentinfo.CourseSessionTest" time="0.001"/>
  <testcase name="canEnrollStudents" classname="com.agileinnov.sis.studentinfo.CourseSessionTest" time="0.0"/>
  <testcase name="canCalculateCourseDates" classname="com.agileinnov.sis.studentinfo.CourseSessionTest" time="0.0"/>
  <testcase name="canCreate" classname="com.agileinnov.sis.studentinfo.CourseSessionTest" time="0.001"/>
  <testcase name="canEnrollStudents" classname="com.agileinnov.sis.studentinfo.CourseSessionTest" time="0.0"/>
  <testcase name="canCalculateCourseDates" classname="com.agileinnov.sis.studentinfo.CourseSessionTest" time="0.0"/>
  <testcase name="canCreate" classname="com.agileinnov.sis.studentinfo.CourseSessionTest" time="0.001"/>
  <system-out><![CDATA[]]></system-out>
  <system-err><![CDATA[]]></system-err>
</testsuite>
