<?xml version="1.0" encoding="UTF-8"?>
<testsuite name="com.agileinnov.dojo.StudentTest" tests="1" skipped="0" failures="0" errors="0" timestamp="2018-07-26T20:07:06" hostname="BillAir.local" time="0.004">
  <properties/>
  <testcase name="canCreate" classname="com.agileinnov.dojo.StudentTest" time="0.004"/>
  <system-out><![CDATA[]]></system-out>
  <system-err><![CDATA[]]></system-err>
</testsuite>
