<?xml version="1.0" encoding="UTF-8"?>
<testsuite name="com.agileinnov.sis.report.RosterReporterTest" tests="3" skipped="0" failures="0" errors="0" timestamp="2018-08-28T22:59:44" hostname="BillAir.local" time="0.007">
  <properties/>
  <testcase name="canReportRoster" classname="com.agileinnov.sis.report.RosterReporterTest" time="0.002"/>
  <testcase name="canReportRoster" classname="com.agileinnov.sis.report.RosterReporterTest" time="0.001"/>
  <testcase name="canReportRoster" classname="com.agileinnov.sis.report.RosterReporterTest" time="0.0"/>
  <system-out><![CDATA[]]></system-out>
  <system-err><![CDATA[]]></system-err>
</testsuite>
